<?xml version="1.0" encoding="UTF-8"?>
<testsuite xmlns:xsi="http://www.w3.org/2001/XMLSchema-instance" xsi:noNamespaceSchemaLocation="https://maven.apache.org/surefire/maven-surefire-plugin/xsd/surefire-test-report-3.0.xsd" version="3.0" name="runner.TestNGTestRunner" time="142.222" tests="1" errors="0" skipped="0" failures="1">
  <properties>
    <property name="java.specification.version" value="21"/>
    <property name="sun.cpu.isalist" value="amd64"/>
    <property name="sun.jnu.encoding" value="Cp1252"/>
    <property name="java.class.path" value="C:\Users\shari.sasidharannair\Downloads\basic_fit-master\basic_fit-master\target\test-classes;C:\Users\shari.sasidharannair\Downloads\basic_fit-master\basic_fit-master\target\classes;C:\Repo\io\cucumber\cucumber-java\7.17.0\cucumber-java-7.17.0.jar;C:\Repo\io\cucumber\cucumber-core\7.17.0\cucumber-core-7.17.0.jar;C:\Repo\io\cucumber\cucumber-gherkin\7.17.0\cucumber-gherkin-7.17.0.jar;C:\Repo\io\cucumber\cucumber-gherkin-messages\7.17.0\cucumber-gherkin-messages-7.17.0.jar;C:\Repo\io\cucumber\gherkin\28.0.0\gherkin-28.0.0.jar;C:\Repo\io\cucumber\messages\24.1.0\messages-24.1.0.jar;C:\Repo\io\cucumber\testng-xml-formatter\0.1.0\testng-xml-formatter-0.1.0.jar;C:\Repo\io\cucumber\query\12.2.0\query-12.2.0.jar;C:\Repo\io\cucumber\tag-expressions\6.1.0\tag-expressions-6.1.0.jar;C:\Repo\io\cucumber\cucumber-expressions\17.1.0\cucumber-expressions-17.1.0.jar;C:\Repo\io\cucumber\datatable\7.17.0\datatable-7.17.0.jar;C:\Repo\io\cucumber\cucumber-plugin\7.17.0\cucumber-plugin-7.17.0.jar;C:\Repo\io\cucumber\docstring\7.17.0\docstring-7.17.0.jar;C:\Repo\io\cucumber\html-formatter\21.3.1\html-formatter-21.3.1.jar;C:\Repo\io\cucumber\junit-xml-formatter\0.4.0\junit-xml-formatter-0.4.0.jar;C:\Repo\io\cucumber\ci-environment\10.0.1\ci-environment-10.0.1.jar;C:\Repo\org\apiguardian\apiguardian-api\1.1.2\apiguardian-api-1.1.2.jar;C:\Repo\io\cucumber\cucumber-testng\7.17.0\cucumber-testng-7.17.0.jar;C:\Repo\org\testng\testng\7.10.1\testng-7.10.1.jar;C:\Repo\org\slf4j\slf4j-api\1.7.36\slf4j-api-1.7.36.jar;C:\Repo\com\beust\jcommander\1.82\jcommander-1.82.jar;C:\Repo\org\webjars\jquery\3.7.1\jquery-3.7.1.jar;C:\Repo\org\seleniumhq\selenium\selenium-java\4.20.0\selenium-java-4.20.0.jar;C:\Repo\org\seleniumhq\selenium\selenium-api\4.20.0\selenium-api-4.20.0.jar;C:\Repo\org\seleniumhq\selenium\selenium-chrome-driver\4.20.0\selenium-chrome-driver-4.20.0.jar;C:\Repo\com\google\auto\service\auto-service-annotations\1.1.1\auto-service-annotations-1.1.1.jar;C:\Repo\org\seleniumhq\selenium\selenium-chromium-driver\4.20.0\selenium-chromium-driver-4.20.0.jar;C:\Repo\org\seleniumhq\selenium\selenium-json\4.20.0\selenium-json-4.20.0.jar;C:\Repo\org\seleniumhq\selenium\selenium-manager\4.20.0\selenium-manager-4.20.0.jar;C:\Repo\org\seleniumhq\selenium\selenium-devtools-v122\4.20.0\selenium-devtools-v122-4.20.0.jar;C:\Repo\org\seleniumhq\selenium\selenium-devtools-v123\4.20.0\selenium-devtools-v123-4.20.0.jar;C:\Repo\org\seleniumhq\selenium\selenium-devtools-v124\4.20.0\selenium-devtools-v124-4.20.0.jar;C:\Repo\org\seleniumhq\selenium\selenium-devtools-v85\4.20.0\selenium-devtools-v85-4.20.0.jar;C:\Repo\org\seleniumhq\selenium\selenium-edge-driver\4.20.0\selenium-edge-driver-4.20.0.jar;C:\Repo\org\seleniumhq\selenium\selenium-firefox-driver\4.20.0\selenium-firefox-driver-4.20.0.jar;C:\Repo\org\seleniumhq\selenium\selenium-http\4.20.0\selenium-http-4.20.0.jar;C:\Repo\dev\failsafe\failsafe\3.3.2\failsafe-3.3.2.jar;C:\Repo\org\seleniumhq\selenium\selenium-ie-driver\4.20.0\selenium-ie-driver-4.20.0.jar;C:\Repo\org\seleniumhq\selenium\selenium-remote-driver\4.20.0\selenium-remote-driver-4.20.0.jar;C:\Repo\com\google\guava\guava\33.1.0-jre\guava-33.1.0-jre.jar;C:\Repo\com\google\guava\failureaccess\1.0.2\failureaccess-1.0.2.jar;C:\Repo\com\google\guava\listenablefuture\9999.0-empty-to-avoid-conflict-with-guava\listenablefuture-9999.0-empty-to-avoid-conflict-with-guava.jar;C:\Repo\com\google\code\findbugs\jsr305\3.0.2\jsr305-3.0.2.jar;C:\Repo\org\checkerframework\checker-qual\3.42.0\checker-qual-3.42.0.jar;C:\Repo\com\google\errorprone\error_prone_annotations\2.26.1\error_prone_annotations-2.26.1.jar;C:\Repo\com\google\j2objc\j2objc-annotations\3.0.0\j2objc-annotations-3.0.0.jar;C:\Repo\io\opentelemetry\semconv\opentelemetry-semconv\1.25.0-alpha\opentelemetry-semconv-1.25.0-alpha.jar;C:\Repo\io\opentelemetry\opentelemetry-api\1.37.0\opentelemetry-api-1.37.0.jar;C:\Repo\io\opentelemetry\opentelemetry-context\1.37.0\opentelemetry-context-1.37.0.jar;C:\Repo\io\opentelemetry\opentelemetry-exporter-logging\1.37.0\opentelemetry-exporter-logging-1.37.0.jar;C:\Repo\io\opentelemetry\opentelemetry-sdk-common\1.37.0\opentelemetry-sdk-common-1.37.0.jar;C:\Repo\io\opentelemetry\opentelemetry-sdk-extension-autoconfigure-spi\1.37.0\opentelemetry-sdk-extension-autoconfigure-spi-1.37.0.jar;C:\Repo\io\opentelemetry\opentelemetry-sdk-extension-autoconfigure\1.37.0\opentelemetry-sdk-extension-autoconfigure-1.37.0.jar;C:\Repo\io\opentelemetry\opentelemetry-api-incubator\1.37.0-alpha\opentelemetry-api-incubator-1.37.0-alpha.jar;C:\Repo\io\opentelemetry\opentelemetry-sdk-trace\1.37.0\opentelemetry-sdk-trace-1.37.0.jar;C:\Repo\io\opentelemetry\opentelemetry-sdk\1.37.0\opentelemetry-sdk-1.37.0.jar;C:\Repo\io\opentelemetry\opentelemetry-sdk-metrics\1.37.0\opentelemetry-sdk-metrics-1.37.0.jar;C:\Repo\io\opentelemetry\opentelemetry-sdk-logs\1.37.0\opentelemetry-sdk-logs-1.37.0.jar;C:\Repo\org\seleniumhq\selenium\selenium-os\4.20.0\selenium-os-4.20.0.jar;C:\Repo\org\apache\commons\commons-exec\1.4.0\commons-exec-1.4.0.jar;C:\Repo\org\seleniumhq\selenium\selenium-safari-driver\4.20.0\selenium-safari-driver-4.20.0.jar;C:\Repo\org\seleniumhq\selenium\selenium-support\4.20.0\selenium-support-4.20.0.jar;C:\Repo\org\assertj\assertj-core\3.23.1\assertj-core-3.23.1.jar;C:\Repo\net\bytebuddy\byte-buddy\1.12.10\byte-buddy-1.12.10.jar;C:\Repo\tech\grasshopper\extentreports-cucumber7-adapter\1.14.0\extentreports-cucumber7-adapter-1.14.0.jar;C:\Repo\com\aventstack\extentreports\5.1.0\extentreports-5.1.0.jar;C:\Repo\io\reactivex\rxjava3\rxjava\3.1.6\rxjava-3.1.6.jar;C:\Repo\org\reactivestreams\reactive-streams\1.0.4\reactive-streams-1.0.4.jar;C:\Repo\org\freemarker\freemarker\2.3.32\freemarker-2.3.32.jar;C:\Repo\org\projectlombok\lombok\1.18.26\lombok-1.18.26.jar;C:\Repo\com\google\code\gson\gson\2.10.1\gson-2.10.1.jar;C:\Repo\tech\grasshopper\extent-pdf-report\2.12.0\extent-pdf-report-2.12.0.jar;C:\Repo\tech\grasshopper\cucumber-pdf-report\2.14.0\cucumber-pdf-report-2.14.0.jar;C:\Repo\org\apache\pdfbox\pdfbox\2.0.26\pdfbox-2.0.26.jar;C:\Repo\org\apache\pdfbox\fontbox\2.0.26\fontbox-2.0.26.jar;C:\Repo\org\knowm\xchart\xchart\3.8.0\xchart-3.8.0.jar;C:\Repo\de\erichseifert\vectorgraphics2d\VectorGraphics2D\0.13\VectorGraphics2D-0.13.jar;C:\Repo\de\rototor\pdfbox\graphics2d\0.30\graphics2d-0.30.jar;C:\Repo\com\madgag\animated-gif-lib\1.4\animated-gif-lib-1.4.jar;C:\Repo\org\yaml\snakeyaml\2.0\snakeyaml-2.0.jar;C:\Repo\tech\grasshopper\table-layout\1.5.1\table-layout-1.5.1.jar;C:\Repo\tech\grasshopper\rest-assured-cucumber-pdf-report\1.5.0\rest-assured-cucumber-pdf-report-1.5.0.jar;C:\Repo\org\jsoup\jsoup\1.15.3\jsoup-1.15.3.jar;C:\Repo\com\aventstack\klov-reporter\5.1.0\klov-reporter-5.1.0.jar;C:\Repo\org\mongodb\mongodb-driver\3.6.4\mongodb-driver-3.6.4.jar;C:\Repo\org\mongodb\mongodb-driver-core\3.6.4\mongodb-driver-core-3.6.4.jar;C:\Repo\org\mongodb\bson\3.6.4\bson-3.6.4.jar;C:\Repo\org\apache\httpcomponents\httpclient\4.5.13\httpclient-4.5.13.jar;C:\Repo\org\apache\httpcomponents\httpcore\4.4.13\httpcore-4.4.13.jar;C:\Repo\commons-logging\commons-logging\1.2\commons-logging-1.2.jar;C:\Repo\commons-codec\commons-codec\1.11\commons-codec-1.11.jar;C:\Repo\org\apache\httpcomponents\httpmime\4.5.13\httpmime-4.5.13.jar;C:\Repo\tech\grasshopper\htmlextentreporter\1.1.0\htmlextentreporter-1.1.0.jar;C:\Repo\tech\grasshopper\extent-excel-report\1.4.0\extent-excel-report-1.4.0.jar;C:\Repo\org\apache\poi\poi\5.2.3\poi-5.2.3.jar;C:\Repo\org\apache\commons\commons-collections4\4.4\commons-collections4-4.4.jar;C:\Repo\org\apache\commons\commons-math3\3.6.1\commons-math3-3.6.1.jar;C:\Repo\commons-io\commons-io\2.11.0\commons-io-2.11.0.jar;C:\Repo\com\zaxxer\SparseBitSet\1.2\SparseBitSet-1.2.jar;C:\Repo\org\apache\logging\log4j\log4j-api\2.18.0\log4j-api-2.18.0.jar;C:\Repo\org\apache\poi\poi-ooxml\5.2.3\poi-ooxml-5.2.3.jar;C:\Repo\org\apache\poi\poi-ooxml-lite\5.2.3\poi-ooxml-lite-5.2.3.jar;C:\Repo\org\apache\xmlbeans\xmlbeans\5.1.1\xmlbeans-5.1.1.jar;C:\Repo\org\apache\commons\commons-compress\1.21\commons-compress-1.21.jar;C:\Repo\com\github\virtuald\curvesapi\1.07\curvesapi-1.07.jar;"/>
    <property name="java.vm.vendor" value="Oracle Corporation"/>
    <property name="sun.arch.data.model" value="64"/>
    <property name="user.variant" value=""/>
    <property name="java.vendor.url" value="https://java.oracle.com/"/>
    <property name="user.timezone" value="Europe/Berlin"/>
    <property name="os.name" value="Windows 11"/>
    <property name="java.vm.specification.version" value="21"/>
    <property name="sun.java.launcher" value="SUN_STANDARD"/>
    <property name="user.country" value="US"/>
    <property name="sun.boot.library.path" value="C:\Program Files\Java\jdk-21\bin"/>
    <property name="sun.java.command" value="C:\Users\shari.sasidharannair\AppData\Local\Temp\surefire7297470106725263059\surefirebooter-20240806101632323_3.jar C:\Users\shari.sasidharannair\AppData\Local\Temp\surefire7297470106725263059 2024-08-06T10-16-30_649-jvmRun1 surefire-20240806101632323_1tmp surefire_0-20240806101632323_2tmp"/>
    <property name="jdk.debug" value="release"/>
    <property name="surefire.test.class.path" value="C:\Users\shari.sasidharannair\Downloads\basic_fit-master\basic_fit-master\target\test-classes;C:\Users\shari.sasidharannair\Downloads\basic_fit-master\basic_fit-master\target\classes;C:\Repo\io\cucumber\cucumber-java\7.17.0\cucumber-java-7.17.0.jar;C:\Repo\io\cucumber\cucumber-core\7.17.0\cucumber-core-7.17.0.jar;C:\Repo\io\cucumber\cucumber-gherkin\7.17.0\cucumber-gherkin-7.17.0.jar;C:\Repo\io\cucumber\cucumber-gherkin-messages\7.17.0\cucumber-gherkin-messages-7.17.0.jar;C:\Repo\io\cucumber\gherkin\28.0.0\gherkin-28.0.0.jar;C:\Repo\io\cucumber\messages\24.1.0\messages-24.1.0.jar;C:\Repo\io\cucumber\testng-xml-formatter\0.1.0\testng-xml-formatter-0.1.0.jar;C:\Repo\io\cucumber\query\12.2.0\query-12.2.0.jar;C:\Repo\io\cucumber\tag-expressions\6.1.0\tag-expressions-6.1.0.jar;C:\Repo\io\cucumber\cucumber-expressions\17.1.0\cucumber-expressions-17.1.0.jar;C:\Repo\io\cucumber\datatable\7.17.0\datatable-7.17.0.jar;C:\Repo\io\cucumber\cucumber-plugin\7.17.0\cucumber-plugin-7.17.0.jar;C:\Repo\io\cucumber\docstring\7.17.0\docstring-7.17.0.jar;C:\Repo\io\cucumber\html-formatter\21.3.1\html-formatter-21.3.1.jar;C:\Repo\io\cucumber\junit-xml-formatter\0.4.0\junit-xml-formatter-0.4.0.jar;C:\Repo\io\cucumber\ci-environment\10.0.1\ci-environment-10.0.1.jar;C:\Repo\org\apiguardian\apiguardian-api\1.1.2\apiguardian-api-1.1.2.jar;C:\Repo\io\cucumber\cucumber-testng\7.17.0\cucumber-testng-7.17.0.jar;C:\Repo\org\testng\testng\7.10.1\testng-7.10.1.jar;C:\Repo\org\slf4j\slf4j-api\1.7.36\slf4j-api-1.7.36.jar;C:\Repo\com\beust\jcommander\1.82\jcommander-1.82.jar;C:\Repo\org\webjars\jquery\3.7.1\jquery-3.7.1.jar;C:\Repo\org\seleniumhq\selenium\selenium-java\4.20.0\selenium-java-4.20.0.jar;C:\Repo\org\seleniumhq\selenium\selenium-api\4.20.0\selenium-api-4.20.0.jar;C:\Repo\org\seleniumhq\selenium\selenium-chrome-driver\4.20.0\selenium-chrome-driver-4.20.0.jar;C:\Repo\com\google\auto\service\auto-service-annotations\1.1.1\auto-service-annotations-1.1.1.jar;C:\Repo\org\seleniumhq\selenium\selenium-chromium-driver\4.20.0\selenium-chromium-driver-4.20.0.jar;C:\Repo\org\seleniumhq\selenium\selenium-json\4.20.0\selenium-json-4.20.0.jar;C:\Repo\org\seleniumhq\selenium\selenium-manager\4.20.0\selenium-manager-4.20.0.jar;C:\Repo\org\seleniumhq\selenium\selenium-devtools-v122\4.20.0\selenium-devtools-v122-4.20.0.jar;C:\Repo\org\seleniumhq\selenium\selenium-devtools-v123\4.20.0\selenium-devtools-v123-4.20.0.jar;C:\Repo\org\seleniumhq\selenium\selenium-devtools-v124\4.20.0\selenium-devtools-v124-4.20.0.jar;C:\Repo\org\seleniumhq\selenium\selenium-devtools-v85\4.20.0\selenium-devtools-v85-4.20.0.jar;C:\Repo\org\seleniumhq\selenium\selenium-edge-driver\4.20.0\selenium-edge-driver-4.20.0.jar;C:\Repo\org\seleniumhq\selenium\selenium-firefox-driver\4.20.0\selenium-firefox-driver-4.20.0.jar;C:\Repo\org\seleniumhq\selenium\selenium-http\4.20.0\selenium-http-4.20.0.jar;C:\Repo\dev\failsafe\failsafe\3.3.2\failsafe-3.3.2.jar;C:\Repo\org\seleniumhq\selenium\selenium-ie-driver\4.20.0\selenium-ie-driver-4.20.0.jar;C:\Repo\org\seleniumhq\selenium\selenium-remote-driver\4.20.0\selenium-remote-driver-4.20.0.jar;C:\Repo\com\google\guava\guava\33.1.0-jre\guava-33.1.0-jre.jar;C:\Repo\com\google\guava\failureaccess\1.0.2\failureaccess-1.0.2.jar;C:\Repo\com\google\guava\listenablefuture\9999.0-empty-to-avoid-conflict-with-guava\listenablefuture-9999.0-empty-to-avoid-conflict-with-guava.jar;C:\Repo\com\google\code\findbugs\jsr305\3.0.2\jsr305-3.0.2.jar;C:\Repo\org\checkerframework\checker-qual\3.42.0\checker-qual-3.42.0.jar;C:\Repo\com\google\errorprone\error_prone_annotations\2.26.1\error_prone_annotations-2.26.1.jar;C:\Repo\com\google\j2objc\j2objc-annotations\3.0.0\j2objc-annotations-3.0.0.jar;C:\Repo\io\opentelemetry\semconv\opentelemetry-semconv\1.25.0-alpha\opentelemetry-semconv-1.25.0-alpha.jar;C:\Repo\io\opentelemetry\opentelemetry-api\1.37.0\opentelemetry-api-1.37.0.jar;C:\Repo\io\opentelemetry\opentelemetry-context\1.37.0\opentelemetry-context-1.37.0.jar;C:\Repo\io\opentelemetry\opentelemetry-exporter-logging\1.37.0\opentelemetry-exporter-logging-1.37.0.jar;C:\Repo\io\opentelemetry\opentelemetry-sdk-common\1.37.0\opentelemetry-sdk-common-1.37.0.jar;C:\Repo\io\opentelemetry\opentelemetry-sdk-extension-autoconfigure-spi\1.37.0\opentelemetry-sdk-extension-autoconfigure-spi-1.37.0.jar;C:\Repo\io\opentelemetry\opentelemetry-sdk-extension-autoconfigure\1.37.0\opentelemetry-sdk-extension-autoconfigure-1.37.0.jar;C:\Repo\io\opentelemetry\opentelemetry-api-incubator\1.37.0-alpha\opentelemetry-api-incubator-1.37.0-alpha.jar;C:\Repo\io\opentelemetry\opentelemetry-sdk-trace\1.37.0\opentelemetry-sdk-trace-1.37.0.jar;C:\Repo\io\opentelemetry\opentelemetry-sdk\1.37.0\opentelemetry-sdk-1.37.0.jar;C:\Repo\io\opentelemetry\opentelemetry-sdk-metrics\1.37.0\opentelemetry-sdk-metrics-1.37.0.jar;C:\Repo\io\opentelemetry\opentelemetry-sdk-logs\1.37.0\opentelemetry-sdk-logs-1.37.0.jar;C:\Repo\org\seleniumhq\selenium\selenium-os\4.20.0\selenium-os-4.20.0.jar;C:\Repo\org\apache\commons\commons-exec\1.4.0\commons-exec-1.4.0.jar;C:\Repo\org\seleniumhq\selenium\selenium-safari-driver\4.20.0\selenium-safari-driver-4.20.0.jar;C:\Repo\org\seleniumhq\selenium\selenium-support\4.20.0\selenium-support-4.20.0.jar;C:\Repo\org\assertj\assertj-core\3.23.1\assertj-core-3.23.1.jar;C:\Repo\net\bytebuddy\byte-buddy\1.12.10\byte-buddy-1.12.10.jar;C:\Repo\tech\grasshopper\extentreports-cucumber7-adapter\1.14.0\extentreports-cucumber7-adapter-1.14.0.jar;C:\Repo\com\aventstack\extentreports\5.1.0\extentreports-5.1.0.jar;C:\Repo\io\reactivex\rxjava3\rxjava\3.1.6\rxjava-3.1.6.jar;C:\Repo\org\reactivestreams\reactive-streams\1.0.4\reactive-streams-1.0.4.jar;C:\Repo\org\freemarker\freemarker\2.3.32\freemarker-2.3.32.jar;C:\Repo\org\projectlombok\lombok\1.18.26\lombok-1.18.26.jar;C:\Repo\com\google\code\gson\gson\2.10.1\gson-2.10.1.jar;C:\Repo\tech\grasshopper\extent-pdf-report\2.12.0\extent-pdf-report-2.12.0.jar;C:\Repo\tech\grasshopper\cucumber-pdf-report\2.14.0\cucumber-pdf-report-2.14.0.jar;C:\Repo\org\apache\pdfbox\pdfbox\2.0.26\pdfbox-2.0.26.jar;C:\Repo\org\apache\pdfbox\fontbox\2.0.26\fontbox-2.0.26.jar;C:\Repo\org\knowm\xchart\xchart\3.8.0\xchart-3.8.0.jar;C:\Repo\de\erichseifert\vectorgraphics2d\VectorGraphics2D\0.13\VectorGraphics2D-0.13.jar;C:\Repo\de\rototor\pdfbox\graphics2d\0.30\graphics2d-0.30.jar;C:\Repo\com\madgag\animated-gif-lib\1.4\animated-gif-lib-1.4.jar;C:\Repo\org\yaml\snakeyaml\2.0\snakeyaml-2.0.jar;C:\Repo\tech\grasshopper\table-layout\1.5.1\table-layout-1.5.1.jar;C:\Repo\tech\grasshopper\rest-assured-cucumber-pdf-report\1.5.0\rest-assured-cucumber-pdf-report-1.5.0.jar;C:\Repo\org\jsoup\jsoup\1.15.3\jsoup-1.15.3.jar;C:\Repo\com\aventstack\klov-reporter\5.1.0\klov-reporter-5.1.0.jar;C:\Repo\org\mongodb\mongodb-driver\3.6.4\mongodb-driver-3.6.4.jar;C:\Repo\org\mongodb\mongodb-driver-core\3.6.4\mongodb-driver-core-3.6.4.jar;C:\Repo\org\mongodb\bson\3.6.4\bson-3.6.4.jar;C:\Repo\org\apache\httpcomponents\httpclient\4.5.13\httpclient-4.5.13.jar;C:\Repo\org\apache\httpcomponents\httpcore\4.4.13\httpcore-4.4.13.jar;C:\Repo\commons-logging\commons-logging\1.2\commons-logging-1.2.jar;C:\Repo\commons-codec\commons-codec\1.11\commons-codec-1.11.jar;C:\Repo\org\apache\httpcomponents\httpmime\4.5.13\httpmime-4.5.13.jar;C:\Repo\tech\grasshopper\htmlextentreporter\1.1.0\htmlextentreporter-1.1.0.jar;C:\Repo\tech\grasshopper\extent-excel-report\1.4.0\extent-excel-report-1.4.0.jar;C:\Repo\org\apache\poi\poi\5.2.3\poi-5.2.3.jar;C:\Repo\org\apache\commons\commons-collections4\4.4\commons-collections4-4.4.jar;C:\Repo\org\apache\commons\commons-math3\3.6.1\commons-math3-3.6.1.jar;C:\Repo\commons-io\commons-io\2.11.0\commons-io-2.11.0.jar;C:\Repo\com\zaxxer\SparseBitSet\1.2\SparseBitSet-1.2.jar;C:\Repo\org\apache\logging\log4j\log4j-api\2.18.0\log4j-api-2.18.0.jar;C:\Repo\org\apache\poi\poi-ooxml\5.2.3\poi-ooxml-5.2.3.jar;C:\Repo\org\apache\poi\poi-ooxml-lite\5.2.3\poi-ooxml-lite-5.2.3.jar;C:\Repo\org\apache\xmlbeans\xmlbeans\5.1.1\xmlbeans-5.1.1.jar;C:\Repo\org\apache\commons\commons-compress\1.21\commons-compress-1.21.jar;C:\Repo\com\github\virtuald\curvesapi\1.07\curvesapi-1.07.jar;"/>
    <property name="sun.cpu.endian" value="little"/>
    <property name="user.home" value="C:\Users\shari.sasidharannair"/>
    <property name="user.language" value="en"/>
    <property name="java.specification.vendor" value="Oracle Corporation"/>
    <property name="java.version.date" value="2024-07-16"/>
    <property name="java.home" value="C:\Program Files\Java\jdk-21"/>
    <property name="file.separator" value="\"/>
    <property name="basedir" value="C:\Users\shari.sasidharannair\Downloads\basic_fit-master\basic_fit-master"/>
    <property name="java.vm.compressedOopsMode" value="Zero based"/>
    <property name="line.separator" value="&#10;"/>
    <property name="java.vm.specification.vendor" value="Oracle Corporation"/>
    <property name="java.specification.name" value="Java Platform API Specification"/>
    <property name="surefire.real.class.path" value="C:\Users\shari.sasidharannair\AppData\Local\Temp\surefire7297470106725263059\surefirebooter-20240806101632323_3.jar"/>
    <property name="user.script" value=""/>
    <property name="sun.management.compiler" value="HotSpot 64-Bit Tiered Compilers"/>
    <property name="java.runtime.version" value="21.0.4+8-LTS-274"/>
    <property name="user.name" value="shari.sasidharannair"/>
    <property name="stdout.encoding" value="Cp1252"/>
    <property name="path.separator" value=";"/>
    <property name="os.version" value="10.0"/>
    <property name="java.runtime.name" value="Java(TM) SE Runtime Environment"/>
    <property name="file.encoding" value="UTF-8"/>
    <property name="java.vm.name" value="Java HotSpot(TM) 64-Bit Server VM"/>
    <property name="localRepository" value="C:\Repo"/>
    <property name="java.vendor.url.bug" value="https://bugreport.java.com/bugreport/"/>
    <property name="java.io.tmpdir" value="C:\Users\SHARI~1.SAS\AppData\Local\Temp\"/>
    <property name="idea.version" value="2024.1.4"/>
    <property name="java.version" value="21.0.4"/>
    <property name="user.dir" value="C:\Users\shari.sasidharannair\Downloads\basic_fit-master\basic_fit-master"/>
    <property name="os.arch" value="amd64"/>
    <property name="java.vm.specification.name" value="Java Virtual Machine Specification"/>
    <property name="sun.os.patch.level" value=""/>
    <property name="native.encoding" value="Cp1252"/>
    <property name="java.library.path" value="C:\Program Files\Java\jdk-21\bin;C:\Windows\Sun\Java\bin;C:\Windows\system32;C:\Windows;C:\Program Files\Common Files\Oracle\Java\javapath;C:\Python312\Scripts\;C:\Python312\;C:\Program Files (x86)\Common Files\Oracle\Java\java8path;C:\Program Files (x86)\Common Files\Oracle\Java\javapath;C:\Windows\system32;C:\Windows;C:\Windows\System32\Wbem;C:\Windows\System32\WindowsPowerShell\v1.0\;C:\Windows\System32\OpenSSH\;C:\Users\shari.sasidharannair\;C:\ProgramData\chocolatey\bin;C:\Program Files\Java\jdk-21\bin;C:\Users\shari.sasidharannair\AppData\Local\Microsoft\WindowsApps;C:\Users\shari.sasidharannair\AppData\Roaming\npm;C:\Users\shari.sasidharannair\Documents\Microsoft VS Code\bin;."/>
    <property name="java.vm.info" value="mixed mode, sharing"/>
    <property name="stderr.encoding" value="Cp1252"/>
    <property name="java.vendor" value="Oracle Corporation"/>
    <property name="java.vm.version" value="21.0.4+8-LTS-274"/>
    <property name="sun.io.unicode.encoding" value="UnicodeLittle"/>
    <property name="java.class.version" value="65.0"/>
  </properties>
  <testcase name="runScenario[&quot;Login with valid credentials&quot;, &quot;Adding a single or multiple  Item in Cart&quot;](1)" classname="runner.TestNGTestRunner" time="138.646">
    <failure message="element click intercepted: Element &lt;div data-aura-rendered-by=&quot;262:0&quot;&gt;...&lt;/div&gt; is not clickable at point (749, 62). Other element would receive the click: &lt;lightning-input variant=&quot;label-hidden&quot; class=&quot;saInput slds-grow slds-form-element&quot; data-data-rendering-service-uid=&quot;414&quot; data-aura-rendered-by=&quot;371:0&quot; lwc-66unc5l95ad-host=&quot;&quot; keepfocusonnavigate=&quot;true&quot;&gt;&lt;/lightning-input&gt;&#10;  (Session info: chrome=126.0.6478.183)&#10;Build info: version: &apos;4.20.0&apos;, revision: &apos;866c76ca80&apos;&#10;System info: os.name: &apos;Windows 11&apos;, os.arch: &apos;amd64&apos;, os.version: &apos;10.0&apos;, java.version: &apos;21.0.4&apos;&#10;Driver info: org.openqa.selenium.chrome.ChromeDriver&#10;Command: [29119c5a6fc4256ae84427455786271d, clickElement {id=f.C199EAE50545E390209C85D3BEA47BC6.d.D1B97FFAA3C5A10ACE622E34FB252DBB.e.133}]&#10;Capabilities {acceptInsecureCerts: false, browserName: chrome, browserVersion: 126.0.6478.183, chrome: {chromedriverVersion: 126.0.6478.182 (5b5d8292ddf..., userDataDir: C:\Users\SHARI~1.SAS\AppDat...}, fedcm:accounts: true, goog:chromeOptions: {debuggerAddress: localhost:57877}, networkConnectionEnabled: false, pageLoadStrategy: normal, platformName: windows, proxy: Proxy(), se:cdp: ws://localhost:57877/devtoo..., se:cdpVersion: 126.0.6478.183, setWindowRect: true, strictFileInteractability: false, timeouts: {implicit: 0, pageLoad: 300000, script: 30000}, unhandledPromptBehavior: dismiss and notify, webauthn:extension:credBlob: true, webauthn:extension:largeBlob: true, webauthn:extension:minPinLength: true, webauthn:extension:prf: true, webauthn:virtualAuthenticators: true}&#10;Element: [[ChromeDriver: chrome on windows (29119c5a6fc4256ae84427455786271d)] -&gt; xpath: //button[@aria-label=&apos;Search&apos;]/parent::div]&#10;Session ID: 29119c5a6fc4256ae84427455786271d" type="org.openqa.selenium.ElementClickInterceptedException"><![CDATA[org.openqa.selenium.ElementClickInterceptedException: 
element click intercepted: Element <div data-aura-rendered-by="262:0">...</div> is not clickable at point (749, 62). Other element would receive the click: <lightning-input variant="label-hidden" class="saInput slds-grow slds-form-element" data-data-rendering-service-uid="414" data-aura-rendered-by="371:0" lwc-66unc5l95ad-host="" keepfocusonnavigate="true"></lightning-input>
  (Session info: chrome=126.0.6478.183)
Build info: version: '4.20.0', revision: '866c76ca80'
System info: os.name: 'Windows 11', os.arch: 'amd64', os.version: '10.0', java.version: '21.0.4'
Driver info: org.openqa.selenium.chrome.ChromeDriver
Command: [29119c5a6fc4256ae84427455786271d, clickElement {id=f.C199EAE50545E390209C85D3BEA47BC6.d.D1B97FFAA3C5A10ACE622E34FB252DBB.e.133}]
Capabilities {acceptInsecureCerts: false, browserName: chrome, browserVersion: 126.0.6478.183, chrome: {chromedriverVersion: 126.0.6478.182 (5b5d8292ddf..., userDataDir: C:\Users\SHARI~1.SAS\AppDat...}, fedcm:accounts: true, goog:chromeOptions: {debuggerAddress: localhost:57877}, networkConnectionEnabled: false, pageLoadStrategy: normal, platformName: windows, proxy: Proxy(), se:cdp: ws://localhost:57877/devtoo..., se:cdpVersion: 126.0.6478.183, setWindowRect: true, strictFileInteractability: false, timeouts: {implicit: 0, pageLoad: 300000, script: 30000}, unhandledPromptBehavior: dismiss and notify, webauthn:extension:credBlob: true, webauthn:extension:largeBlob: true, webauthn:extension:minPinLength: true, webauthn:extension:prf: true, webauthn:virtualAuthenticators: true}
Element: [[ChromeDriver: chrome on windows (29119c5a6fc4256ae84427455786271d)] -> xpath: //button[@aria-label='Search']/parent::div]
Session ID: 29119c5a6fc4256ae84427455786271d
	at java.base/jdk.internal.reflect.DirectConstructorHandleAccessor.newInstance(DirectConstructorHandleAccessor.java:62)
	at java.base/java.lang.reflect.Constructor.newInstanceWithCaller(Constructor.java:502)
	at java.base/java.lang.reflect.Constructor.newInstance(Constructor.java:486)
	at org.openqa.selenium.remote.ErrorCodec.decode(ErrorCodec.java:167)
	at org.openqa.selenium.remote.codec.w3c.W3CHttpResponseCodec.decode(W3CHttpResponseCodec.java:138)
	at org.openqa.selenium.remote.codec.w3c.W3CHttpResponseCodec.decode(W3CHttpResponseCodec.java:50)
	at org.openqa.selenium.remote.HttpCommandExecutor.execute(HttpCommandExecutor.java:190)
	at org.openqa.selenium.remote.service.DriverCommandExecutor.invokeExecute(DriverCommandExecutor.java:216)
	at org.openqa.selenium.remote.service.DriverCommandExecutor.execute(DriverCommandExecutor.java:174)
	at org.openqa.selenium.remote.RemoteWebDriver.execute(RemoteWebDriver.java:518)
	at org.openqa.selenium.remote.RemoteWebElement.execute(RemoteWebElement.java:223)
	at org.openqa.selenium.remote.RemoteWebElement.click(RemoteWebElement.java:76)
	at java.base/jdk.internal.reflect.DirectMethodHandleAccessor.invoke(DirectMethodHandleAccessor.java:103)
	at java.base/java.lang.reflect.Method.invoke(Method.java:580)
	at org.openqa.selenium.support.pagefactory.internal.LocatingElementHandler.invoke(LocatingElementHandler.java:51)
	at jdk.proxy2/jdk.proxy2.$Proxy23.click(Unknown Source)
	at pages.HomePage.SearchForItem(HomePage.java:63)
	at stepdefinitions.homePageSteps.iSearchForTheCreatedAccount(homePageSteps.java:16)
	at âœ½.I search for the created account(file:///C:/Users/shari.sasidharannair/Downloads/basic_fit-master/basic_fit-master/src/test/java/features/CreateAccount.feature:16)
]]></failure>
    <system-out><![CDATA[Configuring TestNG with: TestNG740Configurator



]]></system-out>
    <system-err><![CDATA[SLF4J: Failed to load class "org.slf4j.impl.StaticLoggerBinder".
SLF4J: Defaulting to no-operation (NOP) logger implementation
SLF4J: See http://www.slf4j.org/codes.html#StaticLoggerBinder for further details.
Aug 06, 2024 10:16:37 AM org.openqa.selenium.manager.SeleniumManager lambda$runCommand$1
WARNING: Cache folder (C:\Users\shari.sasidharannair\.cache\selenium) cannot be created: Access is denied. (os error 5)
Aug 06, 2024 10:16:37 AM org.openqa.selenium.manager.SeleniumManager lambda$runCommand$1
WARNING: Cache folder (C:\Users\shari.sasidharannair\.cache\selenium) cannot be created: Access is denied. (os error 5)
Aug 06, 2024 10:16:37 AM org.openqa.selenium.manager.SeleniumManager lambda$runCommand$1
WARNING: Cache folder (C:\Users\shari.sasidharannair\.cache\selenium) cannot be created: Access is denied. (os error 5)
Aug 06, 2024 10:16:37 AM org.openqa.selenium.manager.SeleniumManager lambda$runCommand$1
WARNING: Cache folder (C:\Users\shari.sasidharannair\.cache\selenium) cannot be created: Access is denied. (os error 5)
Aug 06, 2024 10:16:39 AM org.openqa.selenium.devtools.CdpVersionFinder findNearestMatch
WARNING: Unable to find an exact match for CDP version 126, returning the closest version; found: 124; Please update to a Selenium version that supports CDP version 126
]]></system-err>
  </testcase>
</testsuite>