<?xml version="1.0" encoding="UTF-8"?>
<testsuite xmlns:xsi="http://www.w3.org/2001/XMLSchema-instance" xsi:noNamespaceSchemaLocation="https://maven.apache.org/surefire/maven-surefire-plugin/xsd/surefire-test-report-3.0.xsd" version="3.0" name="runner.TestNGTestRunner" time="142.222" tests="1" errors="0" skipped="0" failures="1">
  <properties>
[...]
</properties>
  <testcase name="runScenario[&quot;Login with valid credentials&quot;, &quot;Adding a single or multiple  Item in Cart&quot;](1)" classname="runner.TestNGTestRunner" time="138.646">
    <failure message="element click intercepted: Element &lt;div data-aura-rendered-by=&quot;262:0&quot;&gt;...&lt;/div&gt; is not clickable at point (749, 62). Other element would receive the click: &lt;lightning-input variant=&quot;label-hidden&quot; class=&quot;saInput slds-grow slds-form-element&quot; data-data-rendering-service-uid=&quot;414&quot; data-aura-rendered-by=&quot;371:0&quot; lwc-66unc5l95ad-host=&quot;&quot; keepfocusonnavigate=&quot;true&quot;&gt;&lt;/lightning-input&gt;&#10;  (Session info: chrome=126.0.6478.183)&#10;Build info: version: &apos;4.20.0&apos;, revision: &apos;866c76ca80&apos;&#10;System info: os.name: &apos;Windows 11&apos;, os.arch: &apos;amd64&apos;, os.version: &apos;10.0&apos;, java.version: &apos;21.0.4&apos;&#10;Driver info: org.openqa.selenium.chrome.ChromeDriver&#10;Command: [29119c5a6fc4256ae84427455786271d, clickElement {id=f.C199EAE50545E390209C85D3BEA47BC6.d.D1B97FFAA3C5A10ACE622E34FB252DBB.e.133}]&#10;Capabilities {acceptInsecureCerts: false, browserName: chrome, browserVersion: 126.0.6478.183, chrome: {chromedriverVersion: 126.0.6478.182 (5b5d8292ddf..., userDataDir: C:\Users\SHARI~1.SAS\AppDat...}, fedcm:accounts: true, goog:chromeOptions: {debuggerAddress: localhost:57877}, networkConnectionEnabled: false, pageLoadStrategy: normal, platformName: windows, proxy: Proxy(), se:cdp: ws://localhost:57877/devtoo..., se:cdpVersion: 126.0.6478.183, setWindowRect: true, strictFileInteractability: false, timeouts: {implicit: 0, pageLoad: 300000, script: 30000}, unhandledPromptBehavior: dismiss and notify, webauthn:extension:credBlob: true, webauthn:extension:largeBlob: true, webauthn:extension:minPinLength: true, webauthn:extension:prf: true, webauthn:virtualAuthenticators: true}&#10;Element: [[ChromeDriver: chrome on windows (29119c5a6fc4256ae84427455786271d)] -&gt; xpath: //button[@aria-label=&apos;Search&apos;]/parent::div]&#10;Session ID: 29119c5a6fc4256ae84427455786271d" type="org.openqa.selenium.ElementClickInterceptedException"><![CDATA[org.openqa.selenium.ElementClickInterceptedException: 
element click intercepted: Element <div data-aura-rendered-by="262:0">...</div> is not clickable at point (749, 62). Other element would receive the click: <lightning-input variant="label-hidden" class="saInput slds-grow slds-form-element" data-data-rendering-service-uid="414" data-aura-rendered-by="371:0" lwc-66unc5l95ad-host="" keepfocusonnavigate="true"></lightning-input>
  (Session info: chrome=126.0.6478.183)
Build info: version: '4.20.0', revision: '866c76ca80'
System info: os.name: 'Windows 11', os.arch: 'amd64', os.version: '10.0', java.version: '21.0.4'
Driver info: org.openqa.selenium.chrome.ChromeDriver
Command: [29119c5a6fc4256ae84427455786271d, clickElement {id=f.C199EAE50545E390209C85D3BEA47BC6.d.D1B97FFAA3C5A10ACE622E34FB252DBB.e.133}]
Capabilities {acceptInsecureCerts: false, browserName: chrome, browserVersion: 126.0.6478.183, chrome: {chromedriverVersion: 126.0.6478.182 (5b5d8292ddf..., userDataDir: C:\Users\SHARI~1.SAS\AppDat...}, fedcm:accounts: true, goog:chromeOptions: {debuggerAddress: localhost:57877}, networkConnectionEnabled: false, pageLoadStrategy: normal, platformName: windows, proxy: Proxy(), se:cdp: ws://localhost:57877/devtoo..., se:cdpVersion: 126.0.6478.183, setWindowRect: true, strictFileInteractability: false, timeouts: {implicit: 0, pageLoad: 300000, script: 30000}, unhandledPromptBehavior: dismiss and notify, webauthn:extension:credBlob: true, webauthn:extension:largeBlob: true, webauthn:extension:minPinLength: true, webauthn:extension:prf: true, webauthn:virtualAuthenticators: true}
Element: [[ChromeDriver: chrome on windows (29119c5a6fc4256ae84427455786271d)] -> xpath: //button[@aria-label='Search']/parent::div]
Session ID: 29119c5a6fc4256ae84427455786271d
	at java.base/jdk.internal.reflect.DirectConstructorHandleAccessor.newInstance(DirectConstructorHandleAccessor.java:62)
	at java.base/java.lang.reflect.Constructor.newInstanceWithCaller(Constructor.java:502)
	at java.base/java.lang.reflect.Constructor.newInstance(Constructor.java:486)
	at org.openqa.selenium.remote.ErrorCodec.decode(ErrorCodec.java:167)
	at org.openqa.selenium.remote.codec.w3c.W3CHttpResponseCodec.decode(W3CHttpResponseCodec.java:138)
	at org.openqa.selenium.remote.codec.w3c.W3CHttpResponseCodec.decode(W3CHttpResponseCodec.java:50)
	at org.openqa.selenium.remote.HttpCommandExecutor.execute(HttpCommandExecutor.java:190)
	at org.openqa.selenium.remote.service.DriverCommandExecutor.invokeExecute(DriverCommandExecutor.java:216)
	at org.openqa.selenium.remote.service.DriverCommandExecutor.execute(DriverCommandExecutor.java:174)
	at org.openqa.selenium.remote.RemoteWebDriver.execute(RemoteWebDriver.java:518)
	at org.openqa.selenium.remote.RemoteWebElement.execute(RemoteWebElement.java:223)
	at org.openqa.selenium.remote.RemoteWebElement.click(RemoteWebElement.java:76)
	at java.base/jdk.internal.reflect.DirectMethodHandleAccessor.invoke(DirectMethodHandleAccessor.java:103)
	at java.base/java.lang.reflect.Method.invoke(Method.java:580)
	at org.openqa.selenium.support.pagefactory.internal.LocatingElementHandler.invoke(LocatingElementHandler.java:51)
	at jdk.proxy2/jdk.proxy2.$Proxy23.click(Unknown Source)
	at pages.HomePage.SearchForItem(HomePage.java:63)
	at stepdefinitions.homePageSteps.iSearchForTheCreatedAccount(homePageSteps.java:16)
	at ✽.I search for the created account(file:///C:/Users/shari.sasidharannair/Downloads/basic_fit-master/basic_fit-master/src/test/java/features/CreateAccount.feature:16)
]]></failure>
    <system-out><![CDATA[Configuring TestNG with: TestNG740Configurator



]]></system-out>
    <system-err><![CDATA[SLF4J: Failed to load class "org.slf4j.impl.StaticLoggerBinder".
SLF4J: Defaulting to no-operation (NOP) logger implementation
SLF4J: See http://www.slf4j.org/codes.html#StaticLoggerBinder for further details.
Aug 06, 2024 10:16:37 AM org.openqa.selenium.manager.SeleniumManager lambda$runCommand$1
WARNING: Cache folder (C:\Users\shari.sasidharannair\.cache\selenium) cannot be created: Access is denied. (os error 5)
Aug 06, 2024 10:16:37 AM org.openqa.selenium.manager.SeleniumManager lambda$runCommand$1
WARNING: Cache folder (C:\Users\shari.sasidharannair\.cache\selenium) cannot be created: Access is denied. (os error 5)
Aug 06, 2024 10:16:37 AM org.openqa.selenium.manager.SeleniumManager lambda$runCommand$1
WARNING: Cache folder (C:\Users\shari.sasidharannair\.cache\selenium) cannot be created: Access is denied. (os error 5)
Aug 06, 2024 10:16:37 AM org.openqa.selenium.manager.SeleniumManager lambda$runCommand$1
WARNING: Cache folder (C:\Users\shari.sasidharannair\.cache\selenium) cannot be created: Access is denied. (os error 5)
Aug 06, 2024 10:16:39 AM org.openqa.selenium.devtools.CdpVersionFinder findNearestMatch
WARNING: Unable to find an exact match for CDP version 126, returning the closest version; found: 124; Please update to a Selenium version that supports CDP version 126
]]></system-err>
  </testcase>
</testsuite>